FieldFlow (1 April 2021 QGIS3 version)
---------------------------------------

RUN DETAILS

West Sussex: Sample Area A SIMPLE MODE, FILL BLIND PITS, CONSIDER DITCHES/STREAMS *** COARSE DEM
Input data read from ff_data_sample_area_a3_COARSE.dat
Flow from source fields 22a, 21, B6
LE-flow interactions not considered
Blind pits filled
Watercourses considered
Ditches not considered
Field boundaries not considered
Roads not considered
Paths/tracks not considered
DEM resolution = 5.0 m
Distance to search = 5.0 m

Vector layer 'FlowMarker' created
Vector layer 'FlowLine' created
Vector layer 'OS Mastermap Water Network SU8020' loaded
Vector layer 'OS Mastermap Water Network SU7520' loaded
	Merged layers 'OS Mastermap Water Network SU8020' 'OS Mastermap Water Network SU7520' 
Vector layer 'OS VectorMap Local Road Centreline SU72se' loaded
Vector layer 'OS VectorMap Local Road Centreline SU82sw' loaded
	Merged layers 'OS VectorMap Local Road Centreline SU72se' 'OS VectorMap Local Road Centreline SU82sw' 
Vector layer 'Boundaries of connected fields' loaded
Vector layer 'Centrelines of selected paths and tracks' loaded
Vector layer 'Centrelines of ditches' loaded
Vector layer 'Observed flow lines A' loaded
Raster layer 'OS Mastermap 1:1000 SU8021' loaded with X, Y resolution = 0.3125, 0.3125 m
Raster layer 'OS Mastermap 1:1000 SU8022' loaded with X, Y resolution = 0.3125, 0.3125 m
Raster layer 'OS Mastermap 1:1000 SU8023' loaded with X, Y resolution = 0.3125, 0.3125 m
Raster layer 'OS Mastermap 1:1000 SU8024' loaded with X, Y resolution = 0.3125, 0.3125 m
Raster layer 'OS Mastermap 1:1000 SU8025' loaded with X, Y resolution = 0.3125, 0.3125 m
Raster layer 'OS Mastermap 1:1000 SU7921' loaded with X, Y resolution = 0.3125, 0.3125 m
Raster layer 'OS Mastermap 1:1000 SU7922' loaded with X, Y resolution = 0.3125, 0.3125 m
Raster layer 'OS Mastermap 1:1000 SU7923' loaded with X, Y resolution = 0.3125, 0.3125 m
Raster layer 'OS Mastermap 1:1000 SU7924' loaded with X, Y resolution = 0.3125, 0.3125 m
Raster layer 'OS Mastermap 1:1000 SU7925' loaded with X, Y resolution = 0.3125, 0.3125 m
Raster layer 'OS Terrain 50 SU82' loaded with X, Y resolution = 50.0, 50.0 m
Raster layer 'OS Terrain 50 SU72' loaded with X, Y resolution = 50.0, 50.0 m

******************************************************************************************************************************************************


******************************************************************************************************************************************************

SIMULATED FLOW START POINTS, PER FIELD

Flow from field B6 begins at {480288, 124894}
Not calculating start of flow for field 22, this is not a source field
Flow from field 22a begins at {480506, 124466}
For field 21, the flow start point {480046, 124588} is not within the field, so changing the flow start point to {480044, 124588}
Flow from field 21 begins at {480044, 124588}

******************************************************************************************************************************************************

SIMULATED FLOW FROM SOURCE FIELD B6

Flow from field B6 starts at {480288, 124894}
Flow from field B6 enters the River Rother at {479820, 123135} (RIVER ROTHER)

******************************************************************************************************************************************************

SIMULATED FLOW FROM SOURCE FIELD 22a

Flow from field 22a starts at {480506, 124466}
Flow from field 22a hit flow from field B6 at {480398, 123844}, so stopped tracing flow from this field

******************************************************************************************************************************************************

SIMULATED FLOW FROM SOURCE FIELD 21

Flow from field 21 starts at {480044, 124588}
Flow from field 21 hit flow from field B6 at {480148, 124348}, so stopped tracing flow from this field

******************************************************************************************************************************************************

Area of filled blind pits = 140250.0 m2
Maximum flow depth to fill any blind pit = inf m

******************************************************************************************************************************************************

SAVING GIS FILES

Vector layer '/home/davefm/Documents/Research/0 To Do/JB_West_Sussex_GIS/ff_flow_marker_points_A3_COARSE.shp' saved
Vector layer '/home/davefm/Documents/Research/0 To Do/JB_West_Sussex_GIS/ff_flow_A3_COARSE.shp' saved

******************************************************************************************************************************************************

Simulation finished
