FieldFlow (1 April 2021 QGIS3 version)
---------------------------------------

RUN DETAILS

West Sussex: Sample Area C SIMPLE MODE, FILL BLIND PITS
Input data read from ff_data_sample_area_c2.dat
Flow from source fields 69, 71, 73, 77
LE-flow interactions not considered
Blind pits filled
Watercourses not considered
Ditches not considered
Field boundaries not considered
Roads not considered
Paths/tracks not considered
DEM resolution = 5.0 m
Distance to search = 5.0 m

Vector layer 'FlowMarker' created
Vector layer 'FlowLine' created
Vector layer 'OS Mastermap Water Network SU8520' loaded
Vector layer 'OS Mastermap Water Network SU9020' loaded
	Merged layers 'OS Mastermap Water Network SU8520' 'OS Mastermap Water Network SU9020' 
Vector layer 'Boundaries of connected fields' loaded
Vector layer 'OS VectorMap Local Road Centreline SU82se' loaded
Vector layer 'Centrelines of selected paths and tracks' loaded
Vector layer 'Centrelines of ditches' loaded
Vector layer 'Observed flow lines C' loaded
Raster layer 'OS Mastermap 1:1000 SU9024' loaded with X, Y resolution = 0.3125, 0.3125 m
Raster layer 'OS Mastermap 1:1000 SU9023' loaded with X, Y resolution = 0.3125, 0.3125 m
Raster layer 'OS Mastermap 1:1000 SU9022' loaded with X, Y resolution = 0.3125, 0.3125 m
Raster layer 'OS Mastermap 1:1000 SU9021' loaded with X, Y resolution = 0.3125, 0.3125 m
Raster layer 'OS Mastermap 1:1000 SU8924' loaded with X, Y resolution = 0.3125, 0.3125 m
Raster layer 'OS Mastermap 1:1000 SU8923' loaded with X, Y resolution = 0.3125, 0.3125 m
Raster layer 'OS Mastermap 1:1000 SU8922' loaded with X, Y resolution = 0.3125, 0.3125 m
Raster layer 'OS Mastermap 1:1000 SU8921' loaded with X, Y resolution = 0.3125, 0.3125 m
Raster layer 'OS Mastermap 1:1000 SU8824' loaded with X, Y resolution = 0.3125, 0.3125 m
Raster layer 'OS Mastermap 1:1000 SU8823' loaded with X, Y resolution = 0.3125, 0.3125 m
Raster layer 'OS Mastermap 1:1000 SU8822' loaded with X, Y resolution = 0.3125, 0.3125 m
Raster layer 'OS Mastermap 1:1000 SU8821' loaded with X, Y resolution = 0.3125, 0.3125 m
Raster layer 'OS Terrain 5 SU82se' loaded with X, Y resolution = 5.0, 5.0 m
Raster layer 'OS Terrain 5 SU92sw' loaded with X, Y resolution = 5.0, 5.0 m

******************************************************************************************************************************************************


******************************************************************************************************************************************************

SIMULATED FLOW START POINTS, PER FIELD

Flow from field 69 begins at {490272, 124206}
Not calculating start of flow for field 74, this is not a source field
Flow from field 71 begins at {490010, 123837}
Not calculating start of flow for field 70, this is not a source field
Flow from field 73 begins at {489648, 123575}
Not calculating start of flow for field 72, this is not a source field
Not calculating start of flow for field 76, this is not a source field
Not calculating start of flow for field 75, this is not a source field
Flow from field 77 begins at {489608, 123018}
Not calculating start of flow for field 78, this is not a source field

******************************************************************************************************************************************************

SIMULATED FLOW FROM SOURCE FIELD 69

Flow from field 69 starts at {490272, 124206}
Flow from field 69 enters the River Rother at {489427, 121460} (RIVER ROTHER)

******************************************************************************************************************************************************

SIMULATED FLOW FROM SOURCE FIELD 71

Flow from field 71 starts at {490010, 123837}
Flow from field 71 hit flow from field 69 at {489792, 123840}, so stopped tracing flow from this field

******************************************************************************************************************************************************

SIMULATED FLOW FROM SOURCE FIELD 73

Flow from field 73 starts at {489648, 123575}
Flow from field 73 hit flow from field 69 at {489182, 123370}, so stopped tracing flow from this field

******************************************************************************************************************************************************

SIMULATED FLOW FROM SOURCE FIELD 77

Flow from field 77 starts at {489608, 123018}
Flow from field 77 hit flow from field 69 at {488967, 121966}, so stopped tracing flow from this field

******************************************************************************************************************************************************

Area of filled blind pits = 41125.0 m2
Maximum flow depth to fill any blind pit = inf m

******************************************************************************************************************************************************

SAVING GIS FILES

Vector layer '/home/davefm/Documents/Research/0 To Do/JB_West_Sussex_GIS/ff_flow_marker_points_C2.shp' saved
Vector layer '/home/davefm/Documents/Research/0 To Do/JB_West_Sussex_GIS/ff_flow_C2.shp' saved

******************************************************************************************************************************************************

Simulation finished
