FieldFlow (31 July 2020 QGIS3 version)
---------------------------------------

RUN DETAILS

West Sussex: Sample Area C CONSIDER ALL FIELD OBERVATIONS
Input data read from ff_data_sample_area_c4.dat
Flow from source fields 69, 71, 73, 77
LE-flow interactions considered
Blind pits not filled
Watercourses considered
Ditches considered
Field boundaries considered
Roads considered
Paths/tracks considered
DEM resolution = 5.0 m
Distance to search = 5.0 m

Vector layer 'FlowMarker' created
Vector layer 'FlowLine' created
Vector layer 'OS Mastermap Water Network SU8520' loaded
Vector layer 'OS Mastermap Water Network SU9020' loaded
	Merged layers 'OS Mastermap Water Network SU8520' 'OS Mastermap Water Network SU9020'
Vector layer 'Boundaries of connected fields' loaded
Vector layer 'OS VectorMap Local Road Centreline SU82se' loaded
Vector layer 'Centrelines of selected paths and tracks' loaded
Vector layer 'Centrelines of ditches' loaded
Vector layer 'Observed flow lines C' loaded
Raster layer 'OS Mastermap 1:1000 SU9024' loaded with X, Y resolution = 0.3125, 0.3125 m
Raster layer 'OS Mastermap 1:1000 SU9023' loaded with X, Y resolution = 0.3125, 0.3125 m
Raster layer 'OS Mastermap 1:1000 SU9022' loaded with X, Y resolution = 0.3125, 0.3125 m
Raster layer 'OS Mastermap 1:1000 SU9021' loaded with X, Y resolution = 0.3125, 0.3125 m
Raster layer 'OS Mastermap 1:1000 SU8924' loaded with X, Y resolution = 0.3125, 0.3125 m
Raster layer 'OS Mastermap 1:1000 SU8923' loaded with X, Y resolution = 0.3125, 0.3125 m
Raster layer 'OS Mastermap 1:1000 SU8922' loaded with X, Y resolution = 0.3125, 0.3125 m
Raster layer 'OS Mastermap 1:1000 SU8921' loaded with X, Y resolution = 0.3125, 0.3125 m
Raster layer 'OS Mastermap 1:1000 SU8824' loaded with X, Y resolution = 0.3125, 0.3125 m
Raster layer 'OS Mastermap 1:1000 SU8823' loaded with X, Y resolution = 0.3125, 0.3125 m
Raster layer 'OS Mastermap 1:1000 SU8822' loaded with X, Y resolution = 0.3125, 0.3125 m
Raster layer 'OS Mastermap 1:1000 SU8821' loaded with X, Y resolution = 0.3125, 0.3125 m
Raster layer 'OS Terrain 5 SU82se' loaded with X, Y resolution = 5.0, 5.0 m
Raster layer 'OS Terrain 5 SU92sw' loaded with X, Y resolution = 5.0, 5.0 m

******************************************************************************************************************************************************

LE-FLOW INTERACTIONS

1: 'through boundary, between fields 69 and 70' from {490108, 124066} to {490107, 124064}
2: 'through boundary, between fields 70 and 71' from {489947, 123912} to {489940, 123908}
3: 'through boundary, S edge of field 71' from {489670, 123770} to {489667, 123767}
4: 'across road, Wick Lane' from {489667, 123767} to {489665, 123765}
5: 'through boundary, N edge of field 72' from {489665, 123765} to {489662, 123761}
6: 'through boundary, between fields 72 and 73' from {489555, 123674} to {489551, 123671}
7: 'along boundary, W edge of field 73' from {489490, 123631}
8: 'unknown forcing, otherwise flows back to W boundary of field 73' from {489443, 123569} to {489426, 123536}
9: 'through boundary, S edge of field 73' from {489384, 123460} to {489383, 123459}
10: 'across path, path between fields 73 and 75' from {489383, 123459} to {489382, 123458}
11: 'through boundary, N edge of field 75' from {489382, 123458} to {489380, 123456}
12: 'along boundary, W corner of field 75' from {489196, 123370}
13: 'overtop blindpit, W corner of field 75' from {489164, 123326} to {489154, 123306}
14: 'through boundary, between fields 75 and 76' from {489154, 123306} to {489153, 123304}
15: 'along boundary, NW corner of field 76' from {489149, 123305}
16: 'overtop blindpit, W edge of field 76' from {489114, 123218} to {489100, 123189}
17: 'along road, Dodsley Lane' from {489100, 123189}
18: 'through boundary, S edge of field 73' from {489395, 123450} to {489394, 123449}
19: 'across path, path between fields 73 and 75' from {489394, 123449} to {489393, 123448}
20: 'through boundary, NE edge of field 75' from {489393, 123448} to {489388, 123444}
21: 'through boundary, S edge of 77' from {489617, 122812} to {489617, 122803}
22: 'along road, Glaziers Lane' from {489602, 122682}

******************************************************************************************************************************************************

SIMULATED FLOW START POINTS, PER FIELD

Flow from field 69 begins at {490272, 124206}
Not calculating start of flow for field 74, this is not a source field
Flow from field 71 begins at {490010, 123837}
Not calculating start of flow for field 70, this is not a source field
Flow from field 73 begins at {489648, 123575}
Not calculating start of flow for field 72, this is not a source field
Not calculating start of flow for field 76, this is not a source field
Not calculating start of flow for field 75, this is not a source field
Flow from field 77 begins at {489608, 123018}
Not calculating start of flow for field 78, this is not a source field

******************************************************************************************************************************************************

SIMULATED FLOW FROM SOURCE FIELD 69

Flow from field 69 starts at {490272, 124206}
	LE-flow interaction found for location {490108, 124066} 'through boundary, between fields 69 and 70'
Flow from field 69 routed 'through boundary between fields 69 and 70' from {490112, 124070} via {490108, 124066} to {490107, 124064}
	LE-flow interaction found for location {489947, 123912} 'through boundary, between fields 70 and 71'
Flow from field 69 routed 'through boundary between fields 70 and 71' from {489947, 123914} via {489947, 123912} to {489940, 123908}
	LE-flow interaction found for location {489670, 123770} 'through boundary, S edge of field 71'
Flow from field 69 routed 'through boundary S edge of field 71' from {489670, 123773} via {489670, 123770} to {489667, 123767}
	LE-flow interaction found for location {489667, 123767} 'across road, Wick Lane'
Flow from field 69 routed 'across road Wick Lane' from {489667, 123767} to {489665, 123765}
	LE-flow interaction found for location {489665, 123765} 'through boundary, N edge of field 72'
Flow from field 69 routed 'through boundary N edge of field 72' from {489665, 123765} to {489662, 123761}
	LE-flow interaction found for location {489555, 123674} 'through boundary, between fields 72 and 73'
Flow from field 69 routed 'through boundary between fields 72 and 73' from {489557, 123676} via {489555, 123674} to {489551, 123671}
	LE-flow interaction found for location {489490, 123631} 'along boundary, W edge of field 73'
Flow from field 69 begins to flow along the boundary of field 73 at {489491, 123631} E
	Flow from field 69 leaves the boundary of field 73 at {489448, 123569} and flows down the steepest within-field gradient, to {489444, 123569}
	LE-flow interaction found for location {489443, 123569} 'unknown forcing, otherwise flows back to W boundary of field 73'
Flow from field 69 routed 'unknown forcing otherwise flows back to W boundary of field 73' from {489444, 123569} via {489443, 123569} to {489426, 123536}
	LE-flow interaction found for location {489384, 123460} 'through boundary, S edge of field 73'
Flow from field 69 routed 'through boundary S edge of field 73' from {489386, 123461} via {489384, 123460} to {489383, 123459}
	LE-flow interaction found for location {489383, 123459} 'across path, path between fields 73 and 75'
Flow from field 69 routed 'across path path between fields 73 and 75' from {489383, 123459} to {489382, 123458}
	LE-flow interaction found for location {489382, 123458} 'through boundary, N edge of field 75'
Flow from field 69 routed 'through boundary N edge of field 75' from {489382, 123458} to {489380, 123456}
	LE-flow interaction found for location {489196, 123370} 'along boundary, W corner of field 75'
Flow from field 69 begins to flow along the boundary of field 75 at {489200, 123366} E
	LE-flow interaction found for location {489164, 123326} 'overtop blindpit, W corner of field 75'
Flow from field 69 routed 'overtop blindpit W corner of field 75' from {489164, 123326} via {489164, 123326} to {489154, 123306}
	LE-flow interaction found for location {489154, 123306} 'through boundary, between fields 75 and 76'
Flow from field 69 routed 'through boundary between fields 75 and 76' from {489154, 123306} to {489153, 123304}
	LE-flow interaction found for location {489149, 123305} 'along boundary, NW corner of field 76'
Flow from field 69 begins to flow along the boundary of field 76 at {489153, 123304} E
	LE-flow interaction found for location {489114, 123218} 'overtop blindpit, W edge of field 76'
Flow from field 69 routed 'overtop blindpit W edge of field 76' from {489114, 123218} via {489114, 123218} to {489100, 123189}
	LE-flow interaction found for location {489100, 123189} 'along road, Dodsley Lane'
Flow from field 69 onto road, from {489100, 123189} to {489100, 123189} E
Flow from field 69 enters the River Rother at {489430, 121462} (RIVER ROTHER)

******************************************************************************************************************************************************

SIMULATED FLOW FROM SOURCE FIELD 71

Flow from field 71 starts at {490010, 123837}
Flow from field 71 hit flow from field 69 at {489785, 123838}, so stopped tracing flow from this field

******************************************************************************************************************************************************

SIMULATED FLOW FROM SOURCE FIELD 73

Flow from field 73 starts at {489648, 123575}
	LE-flow interaction found for location {489395, 123450} 'through boundary, S edge of field 73'
Flow from field 73 routed 'through boundary S edge of field 73' from {489398, 123455} via {489395, 123450} to {489394, 123449}
	LE-flow interaction found for location {489394, 123449} 'across path, path between fields 73 and 75'
Flow from field 73 routed 'across path path between fields 73 and 75' from {489394, 123449} to {489393, 123448}
	LE-flow interaction found for location {489393, 123448} 'through boundary, NE edge of field 75'
Flow from field 73 routed 'through boundary NE edge of field 75' from {489393, 123448} to {489388, 123444}
Flow from field 73 hit flow from field 69 at {489370, 123446}, so stopped tracing flow from this field

******************************************************************************************************************************************************

SIMULATED FLOW FROM SOURCE FIELD 77

Flow from field 77 starts at {489608, 123018}
	LE-flow interaction found for location {489617, 122812} 'through boundary, S edge of 77'
Flow from field 77 routed 'through boundary S edge of 77' from {489618, 122814} via {489617, 122812} to {489617, 122803}
	LE-flow interaction found for location {489602, 122682} 'along road, Glaziers Lane'
	Flow from field 77 onto the road segment 468 '15760 Local Street, alignment GLAZIERS LANE NULL' at {489602, 122683} F
	Flow from field 77 along road, from {489602, 122683} to {489599, 122681} F
Flow from field 77 enters the River Rother at {489430, 121462} (RIVER ROTHER)

******************************************************************************************************************************************************

UNUSED LE-FLOW INTERACTIONS


******************************************************************************************************************************************************

SAVING GIS FILES

Vector layer '/home/davefm/Documents/Research/0 To Do/JB_West_Sussex_GIS/ff_flow_marker_points_C4.shp' saved
Vector layer '/home/davefm/Documents/Research/0 To Do/JB_West_Sussex_GIS/ff_flow_C4.shp' saved

******************************************************************************************************************************************************

Simulation finished
