FieldFlow (31 July 2020 QGIS3 version)
---------------------------------------

RUN DETAILS

West Sussex: Sample Area D SIMPLE MODE, DON'T FILL BLIND PITS
Input data read from ff_data_sample_area_d1.dat
Flow from source fields A5, F, 86, 88
LE-flow interactions not considered
Blind pits not filled
Watercourses not considered
Ditches not considered
Field boundaries not considered
Roads not considered
Paths/tracks not considered
DEM resolution = 5.0 m
Distance to search = 5.0 m

Vector layer 'FlowMarker' created
Vector layer 'FlowLine' created
Vector layer 'Boundaries of connected fields' loaded
Vector layer 'OS Mastermap Water Network SU9020' loaded
Vector layer 'OS VectorMap Local Road Centreline SU92sw' loaded
Vector layer 'Centrelines of selected paths and tracks' loaded
Vector layer 'Centrelines of ditches' loaded
Vector layer 'Observed flow lines D' loaded
Raster layer 'OS Mastermap 1:1000 SU9224' loaded with X, Y resolution = 0.3125, 0.3125 m
Raster layer 'OS Mastermap 1:1000 SU9223' loaded with X, Y resolution = 0.3125, 0.3125 m
Raster layer 'OS Mastermap 1:1000 SU9222' loaded with X, Y resolution = 0.3125, 0.3125 m
Raster layer 'OS Mastermap 1:1000 SU9221' loaded with X, Y resolution = 0.3125, 0.3125 m
Raster layer 'OS Mastermap 1:1000 SU9220' loaded with X, Y resolution = 0.3125, 0.3125 m
Raster layer 'OS Mastermap 1:1000 SU9124' loaded with X, Y resolution = 0.3125, 0.3125 m
Raster layer 'OS Mastermap 1:1000 SU9123' loaded with X, Y resolution = 0.3125, 0.3125 m
Raster layer 'OS Mastermap 1:1000 SU9122' loaded with X, Y resolution = 0.3125, 0.3125 m
Raster layer 'OS Mastermap 1:1000 SU9121' loaded with X, Y resolution = 0.3125, 0.3125 m
Raster layer 'OS Mastermap 1:1000 SU9120' loaded with X, Y resolution = 0.3125, 0.3125 m
Raster layer 'OS Mastermap 1:1000 SU9024' loaded with X, Y resolution = 0.3125, 0.3125 m
Raster layer 'OS Mastermap 1:1000 SU9023' loaded with X, Y resolution = 0.3125, 0.3125 m
Raster layer 'OS Mastermap 1:1000 SU9022' loaded with X, Y resolution = 0.3125, 0.3125 m
Raster layer 'OS Mastermap 1:1000 SU9021' loaded with X, Y resolution = 0.3125, 0.3125 m
Raster layer 'OS Mastermap 1:1000 SU9020' loaded with X, Y resolution = 0.3125, 0.3125 m
Raster layer 'OS Terrain 5 SU92sw' loaded with X, Y resolution = 5.0, 5.0 m

******************************************************************************************************************************************************


******************************************************************************************************************************************************

SIMULATED FLOW START POINTS, PER FIELD

Flow from field A5 begins at {491482, 123983}
Flow from field F begins at {491602, 123610}
Flow from field 86 begins at {491878, 123582}
Not calculating start of flow for field 87, this is not a source field
Not calculating start of flow for field 85, this is not a source field
Not calculating start of flow for field 88a, this is not a source field
Flow from field 88 begins at {491864, 122832}

******************************************************************************************************************************************************

SIMULATED FLOW FROM SOURCE FIELD A5

Flow from field A5 starts at {491482, 123983}
Flow from field A5 hits a blind pit at {491442, 123163}

******************************************************************************************************************************************************

SIMULATED FLOW FROM SOURCE FIELD 86

Flow from field 86 starts at {491878, 123582}
Flow from field 86 hits a blind pit at {491723, 122476}

******************************************************************************************************************************************************

SIMULATED FLOW FROM SOURCE FIELD F

Flow from field F starts at {491602, 123610}
Flow from field F hit flow from field A5 at {491527, 123523}, so stopped tracing flow from this field

******************************************************************************************************************************************************

SIMULATED FLOW FROM SOURCE FIELD 88

Flow from field 88 starts at {491864, 122832}
Flow from field 88 hit flow from field 86 at {491738, 122562}, so stopped tracing flow from this field

******************************************************************************************************************************************************

SAVING GIS FILES

Vector layer '/home/davefm/Documents/Research/0 To Do/JB_West_Sussex_GIS/ff_flow_marker_points_D1.shp' saved
Vector layer '/home/davefm/Documents/Research/0 To Do/JB_West_Sussex_GIS/ff_flow_D1.shp' saved

******************************************************************************************************************************************************

Simulation finished
