FieldFlow (1 April 2021 QGIS3 version)
---------------------------------------

RUN DETAILS

West Sussex: Sample Area E SIMPLE MODE, FILL BLIND PITS
Input data read from ff_data_sample_area_e2.dat
Flow from source fields H, M, N, O, P, Q, K
LE-flow interactions not considered
Blind pits filled
Watercourses not considered
Ditches not considered
Field boundaries not considered
Roads not considered
Paths/tracks not considered
DEM resolution = 5.0 m
Distance to search = 5.0 m

Vector layer 'FlowMarker' created
Vector layer 'FlowLine' created
Vector layer 'OS Mastermap Water Network SU9020' loaded
Vector layer 'OS Mastermap Water Network SU9520' loaded
	Merged layers 'OS Mastermap Water Network SU9020' 'OS Mastermap Water Network SU9520' 
Vector layer 'OS VectorMap Local Road Centreline SU92sw' loaded
Vector layer 'OS VectorMap Local Road Centreline SU92se' loaded
	Merged layers 'OS VectorMap Local Road Centreline SU92sw' 'OS VectorMap Local Road Centreline SU92se' 
Vector layer 'Boundaries of connected fields' loaded
Vector layer 'Centrelines of selected paths and tracks' loaded
Vector layer 'Centrelines of ditches' loaded
Vector layer 'Observed flow lines E' loaded
Raster layer 'OS Mastermap 1:1000 SU9521' loaded with X, Y resolution = 0.3125, 0.3125 m
Raster layer 'OS Mastermap 1:1000 SU9520' loaded with X, Y resolution = 0.3125, 0.3125 m
Raster layer 'OS Mastermap 1:1000 SU9421' loaded with X, Y resolution = 0.3125, 0.3125 m
Raster layer 'OS Mastermap 1:1000 SU9420' loaded with X, Y resolution = 0.3125, 0.3125 m
Raster layer 'OS Terrain 5 SU92sw' loaded with X, Y resolution = 5.0, 5.0 m
Raster layer 'OS Terrain 5 SU92se' loaded with X, Y resolution = 5.0, 5.0 m

******************************************************************************************************************************************************

